# JRE version: OpenJDK Runtime Environment (8.0_422-b05) (build 1.8.0_422-8u422-b05-1~20.04-b05)
# Java VM: OpenJDK 64-Bit Server VM (25.422-b05 mixed mode linux-amd64 compressed oops)
Heap:
 PSYoungGen      total 36352K, used 6806K [0x00000000eab00000, 0x00000000f3180000, 0x0000000100000000)
  eden space 35840K, 18% used [0x00000000eab00000,0x00000000eb18db50,0x00000000ece00000)
  from space 512K, 18% used [0x00000000f3100000,0x00000000f3118000,0x00000000f3180000)
  to   space 512K, 0% used [0x00000000f3080000,0x00000000f3080000,0x00000000f3100000)
 ParOldGen       total 62976K, used 13951K [0x00000000c0000000, 0x00000000c3d80000, 0x00000000eab00000)
  object space 62976K, 22% used [0x00000000c0000000,0x00000000c0d9fe08,0x00000000c3d80000)
 Metaspace       used 8226K, capacity 8368K, committed 8704K, reserved 1056768K
  class space    used 857K, capacity 932K, committed 1024K, reserved 1048576K
GC Heap History (10 events):
Event: 519.021 GC heap before
{Heap before GC invocations=640 (full 0):
 PSYoungGen      total 41472K, used 40992K [0x00000000eab00000, 0x00000000f3180000, 0x0000000100000000)
  eden space 40960K, 100% used [0x00000000eab00000,0x00000000ed300000,0x00000000ed300000)
  from space 512K, 6% used [0x00000000f3080000,0x00000000f3088000,0x00000000f3100000)
  to   space 512K, 0% used [0x00000000f3100000,0x00000000f3100000,0x00000000f3180000)
 ParOldGen       total 62976K, used 13951K [0x00000000c0000000, 0x00000000c3d80000, 0x00000000eab00000)
  object space 62976K, 22% used [0x00000000c0000000,0x00000000c0d9fe08,0x00000000c3d80000)
 Metaspace       used 8210K, capacity 8368K, committed 8704K, reserved 1056768K
  class space    used 854K, capacity 932K, committed 1024K, reserved 1048576K
Event: 519.024 GC heap after
Heap after GC invocations=640 (full 0):
 PSYoungGen      total 40448K, used 32K [0x00000000eab00000, 0x00000000f3180000, 0x0000000100000000)
  eden space 39936K, 0% used [0x00000000eab00000,0x00000000eab00000,0x00000000ed200000)
  from space 512K, 6% used [0x00000000f3100000,0x00000000f3108000,0x00000000f3180000)
  to   space 512K, 0% used [0x00000000f3080000,0x00000000f3080000,0x00000000f3100000)
 ParOldGen       total 62976K, used 13951K [0x00000000c0000000, 0x00000000c3d80000, 0x00000000eab00000)
  object space 62976K, 22% used [0x00000000c0000000,0x00000000c0d9fe08,0x00000000c3d80000)
 Metaspace       used 8210K, capacity 8368K, committed 8704K, reserved 1056768K
  class space    used 854K, capacity 932K, committed 1024K, reserved 1048576K
}
Event: 519.509 GC heap before
{Heap before GC invocations=641 (full 0):
 PSYoungGen      total 40448K, used 39968K [0x00000000eab00000, 0x00000000f3180000, 0x0000000100000000)
  eden space 39936K, 100% used [0x00000000eab00000,0x00000000ed200000,0x00000000ed200000)
  from space 512K, 6% used [0x00000000f3100000,0x00000000f3108000,0x00000000f3180000)
  to   space 512K, 0% used [0x00000000f3080000,0x00000000f3080000,0x00000000f3100000)
 ParOldGen       total 62976K, used 13951K [0x00000000c0000000, 0x00000000c3d80000, 0x00000000eab00000)
  object space 62976K, 22% used [0x00000000c0000000,0x00000000c0d9fe08,0x00000000c3d80000)
 Metaspace       used 8210K, capacity 8368K, committed 8704K, reserved 1056768K
  class space    used 854K, capacity 932K, committed 1024K, reserved 1048576K
Event: 519.512 GC heap after
Heap after GC invocations=641 (full 0):
 PSYoungGen      total 39424K, used 32K [0x00000000eab00000, 0x00000000f3180000, 0x0000000100000000)
  eden space 38912K, 0% used [0x00000000eab00000,0x00000000eab00000,0x00000000ed100000)
  from space 512K, 6% used [0x00000000f3080000,0x00000000f3088000,0x00000000f3100000)
  to   space 512K, 0% used [0x00000000f3100000,0x00000000f3100000,0x00000000f3180000)
 ParOldGen       total 62976K, used 13951K [0x00000000c0000000, 0x00000000c3d80000, 0x00000000eab00000)
  object space 62976K, 22% used [0x00000000c0000000,0x00000000c0d9fe08,0x00000000c3d80000)
 Metaspace       used 8210K, capacity 8368K, committed 8704K, reserved 1056768K
  class space    used 854K, capacity 932K, committed 1024K, reserved 1048576K
}
Event: 520.024 GC heap before
{Heap before GC invocations=642 (full 0):
 PSYoungGen      total 39424K, used 38944K [0x00000000eab00000, 0x00000000f3180000, 0x0000000100000000)
  eden space 38912K, 100% used [0x00000000eab00000,0x00000000ed100000,0x00000000ed100000)
  from space 512K, 6% used [0x00000000f3080000,0x00000000f3088000,0x00000000f3100000)
  to   space 512K, 0% used [0x00000000f3100000,0x00000000f3100000,0x00000000f3180000)
 ParOldGen       total 62976K, used 13951K [0x00000000c0000000, 0x00000000c3d80000, 0x00000000eab00000)
  object space 62976K, 22% used [0x00000000c0000000,0x00000000c0d9fe08,0x00000000c3d80000)
 Metaspace       used 8210K, capacity 8368K, committed 8704K, reserved 1056768K
  class space    used 854K, capacity 932K, committed 1024K, reserved 1048576K
Event: 520.027 GC heap after
Heap after GC invocations=642 (full 0):
 PSYoungGen      total 38400K, used 32K [0x00000000eab00000, 0x00000000f3180000, 0x0000000100000000)
  eden space 37888K, 0% used [0x00000000eab00000,0x00000000eab00000,0x00000000ed000000)
  from space 512K, 6% used [0x00000000f3100000,0x00000000f3108000,0x00000000f3180000)
  to   space 512K, 0% used [0x00000000f3080000,0x00000000f3080000,0x00000000f3100000)
 ParOldGen       total 62976K, used 13951K [0x00000000c0000000, 0x00000000c3d80000, 0x00000000eab00000)
  object space 62976K, 22% used [0x00000000c0000000,0x00000000c0d9fe08,0x00000000c3d80000)
 Metaspace       used 8210K, capacity 8368K, committed 8704K, reserved 1056768K
  class space    used 854K, capacity 932K, committed 1024K, reserved 1048576K
}
Event: 520.576 GC heap before
{Heap before GC invocations=643 (full 0):
 PSYoungGen      total 38400K, used 37920K [0x00000000eab00000, 0x00000000f3180000, 0x0000000100000000)
  eden space 37888K, 100% used [0x00000000eab00000,0x00000000ed000000,0x00000000ed000000)
  from space 512K, 6% used [0x00000000f3100000,0x00000000f3108000,0x00000000f3180000)
  to   space 512K, 0% used [0x00000000f3080000,0x00000000f3080000,0x00000000f3100000)
 ParOldGen       total 62976K, used 13951K [0x00000000c0000000, 0x00000000c3d80000, 0x00000000eab00000)
  object space 62976K, 22% used [0x00000000c0000000,0x00000000c0d9fe08,0x00000000c3d80000)
 Metaspace       used 8210K, capacity 8368K, committed 8704K, reserved 1056768K
  class space    used 854K, capacity 932K, committed 1024K, reserved 1048576K
Event: 520.580 GC heap after
Heap after GC invocations=643 (full 0):
 PSYoungGen      total 37376K, used 32K [0x00000000eab00000, 0x00000000f3180000, 0x0000000100000000)
  eden space 36864K, 0% used [0x00000000eab00000,0x00000000eab00000,0x00000000ecf00000)
  from space 512K, 6% used [0x00000000f3080000,0x00000000f3088000,0x00000000f3100000)
  to   space 512K, 0% used [0x00000000f3100000,0x00000000f3100000,0x00000000f3180000)
 ParOldGen       total 62976K, used 13951K [0x00000000c0000000, 0x00000000c3d80000, 0x00000000eab00000)
  object space 62976K, 22% used [0x00000000c0000000,0x00000000c0d9fe08,0x00000000c3d80000)
 Metaspace       used 8210K, capacity 8368K, committed 8704K, reserved 1056768K
  class space    used 854K, capacity 932K, committed 1024K, reserved 1048576K
}
Event: 521.109 GC heap before
{Heap before GC invocations=644 (full 0):
 PSYoungGen      total 37376K, used 36895K [0x00000000eab00000, 0x00000000f3180000, 0x0000000100000000)
  eden space 36864K, 99% used [0x00000000eab00000,0x00000000ecefffa8,0x00000000ecf00000)
  from space 512K, 6% used [0x00000000f3080000,0x00000000f3088000,0x00000000f3100000)
  to   space 512K, 0% used [0x00000000f3100000,0x00000000f3100000,0x00000000f3180000)
 ParOldGen       total 62976K, used 13951K [0x00000000c0000000, 0x00000000c3d80000, 0x00000000eab00000)
  object space 62976K, 22% used [0x00000000c0000000,0x00000000c0d9fe08,0x00000000c3d80000)
 Metaspace       used 8211K, capacity 8368K, committed 8704K, reserved 1056768K
  class space    used 855K, capacity 932K, committed 1024K, reserved 1048576K
Event: 521.114 GC heap after
Heap after GC invocations=644 (full 0):
 PSYoungGen      total 36352K, used 96K [0x00000000eab00000, 0x00000000f3180000, 0x0000000100000000)
  eden space 35840K, 0% used [0x00000000eab00000,0x00000000eab00000,0x00000000ece00000)
  from space 512K, 18% used [0x00000000f3100000,0x00000000f3118000,0x00000000f3180000)
  to   space 512K, 0% used [0x00000000f3080000,0x00000000f3080000,0x00000000f3100000)
 ParOldGen       total 62976K, used 13951K [0x00000000c0000000, 0x00000000c3d80000, 0x00000000eab00000)
  object space 62976K, 22% used [0x00000000c0000000,0x00000000c0d9fe08,0x00000000c3d80000)
 Metaspace       used 8211K, capacity 8368K, committed 8704K, reserved 1056768K
  class space    used 855K, capacity 932K, committed 1024K, reserved 1048576K
}

