# JRE version: OpenJDK Runtime Environment (8.0_422-b05) (build 1.8.0_422-8u422-b05-1~20.04-b05)
# Java VM: OpenJDK 64-Bit Server VM (25.422-b05 mixed mode linux-amd64 compressed oops)
Heap:
 PSYoungGen      total 196608K, used 6758K [0x00000000eab00000, 0x00000000fb700000, 0x0000000100000000)
  eden space 196096K, 3% used [0x00000000eab00000,0x00000000eb179b18,0x00000000f6a80000)
  from space 512K, 25% used [0x00000000fb680000,0x00000000fb6a0000,0x00000000fb700000)
  to   space 7680K, 0% used [0x00000000fa800000,0x00000000fa800000,0x00000000faf80000)
 ParOldGen       total 62976K, used 13923K [0x00000000c0000000, 0x00000000c3d80000, 0x00000000eab00000)
  object space 62976K, 22% used [0x00000000c0000000,0x00000000c0d98c00,0x00000000c3d80000)
 Metaspace       used 8192K, capacity 8324K, committed 8448K, reserved 1056768K
  class space    used 851K, capacity 900K, committed 1024K, reserved 1048576K
GC Heap History (10 events):
Event: 38.686 GC heap before
{Heap before GC invocations=16 (full 0):
 PSYoungGen      total 254976K, used 244864K [0x00000000eab00000, 0x00000000fcf80000, 0x0000000100000000)
  eden space 244736K, 100% used [0x00000000eab00000,0x00000000f9a00000,0x00000000f9a00000)
  from space 10240K, 1% used [0x00000000fbb80000,0x00000000fbba0000,0x00000000fc580000)
  to   space 9728K, 0% used [0x00000000fc600000,0x00000000fc600000,0x00000000fcf80000)
 ParOldGen       total 62976K, used 13795K [0x00000000c0000000, 0x00000000c3d80000, 0x00000000eab00000)
  object space 62976K, 21% used [0x00000000c0000000,0x00000000c0d78c00,0x00000000c3d80000)
 Metaspace       used 8174K, capacity 8324K, committed 8448K, reserved 1056768K
  class space    used 848K, capacity 900K, committed 1024K, reserved 1048576K
Event: 38.743 GC heap after
Heap after GC invocations=16 (full 0):
 PSYoungGen      total 234496K, used 192K [0x00000000eab00000, 0x00000000fc680000, 0x0000000100000000)
  eden space 233984K, 0% used [0x00000000eab00000,0x00000000eab00000,0x00000000f8f80000)
  from space 512K, 37% used [0x00000000fc600000,0x00000000fc630000,0x00000000fc680000)
  to   space 9216K, 0% used [0x00000000fb480000,0x00000000fb480000,0x00000000fbd80000)
 ParOldGen       total 62976K, used 13819K [0x00000000c0000000, 0x00000000c3d80000, 0x00000000eab00000)
  object space 62976K, 21% used [0x00000000c0000000,0x00000000c0d7ec00,0x00000000c3d80000)
 Metaspace       used 8174K, capacity 8324K, committed 8448K, reserved 1056768K
  class space    used 848K, capacity 900K, committed 1024K, reserved 1048576K
}
Event: 41.332 GC heap before
{Heap before GC invocations=17 (full 0):
 PSYoungGen      total 234496K, used 234176K [0x00000000eab00000, 0x00000000fc680000, 0x0000000100000000)
  eden space 233984K, 100% used [0x00000000eab00000,0x00000000f8f80000,0x00000000f8f80000)
  from space 512K, 37% used [0x00000000fc600000,0x00000000fc630000,0x00000000fc680000)
  to   space 9216K, 0% used [0x00000000fb480000,0x00000000fb480000,0x00000000fbd80000)
 ParOldGen       total 62976K, used 13819K [0x00000000c0000000, 0x00000000c3d80000, 0x00000000eab00000)
  object space 62976K, 21% used [0x00000000c0000000,0x00000000c0d7ec00,0x00000000c3d80000)
 Metaspace       used 8174K, capacity 8324K, committed 8448K, reserved 1056768K
  class space    used 848K, capacity 900K, committed 1024K, reserved 1048576K
Event: 41.340 GC heap after
Heap after GC invocations=17 (full 0):
 PSYoungGen      total 232960K, used 160K [0x00000000eab00000, 0x00000000fc680000, 0x0000000100000000)
  eden space 223744K, 0% used [0x00000000eab00000,0x00000000eab00000,0x00000000f8580000)
  from space 9216K, 1% used [0x00000000fb480000,0x00000000fb4a8000,0x00000000fbd80000)
  to   space 8704K, 0% used [0x00000000fbe00000,0x00000000fbe00000,0x00000000fc680000)
 ParOldGen       total 62976K, used 13843K [0x00000000c0000000, 0x00000000c3d80000, 0x00000000eab00000)
  object space 62976K, 21% used [0x00000000c0000000,0x00000000c0d84c00,0x00000000c3d80000)
 Metaspace       used 8174K, capacity 8324K, committed 8448K, reserved 1056768K
  class space    used 848K, capacity 900K, committed 1024K, reserved 1048576K
}
Event: 43.725 GC heap before
{Heap before GC invocations=18 (full 0):
 PSYoungGen      total 232960K, used 223904K [0x00000000eab00000, 0x00000000fc680000, 0x0000000100000000)
  eden space 223744K, 100% used [0x00000000eab00000,0x00000000f8580000,0x00000000f8580000)
  from space 9216K, 1% used [0x00000000fb480000,0x00000000fb4a8000,0x00000000fbd80000)
  to   space 8704K, 0% used [0x00000000fbe00000,0x00000000fbe00000,0x00000000fc680000)
 ParOldGen       total 62976K, used 13843K [0x00000000c0000000, 0x00000000c3d80000, 0x00000000eab00000)
  object space 62976K, 21% used [0x00000000c0000000,0x00000000c0d84c00,0x00000000c3d80000)
 Metaspace       used 8174K, capacity 8324K, committed 8448K, reserved 1056768K
  class space    used 848K, capacity 900K, committed 1024K, reserved 1048576K
Event: 43.734 GC heap after
Heap after GC invocations=18 (full 0):
 PSYoungGen      total 214528K, used 128K [0x00000000eab00000, 0x00000000fbe80000, 0x0000000100000000)
  eden space 214016K, 0% used [0x00000000eab00000,0x00000000eab00000,0x00000000f7c00000)
  from space 512K, 25% used [0x00000000fbe00000,0x00000000fbe20000,0x00000000fbe80000)
  to   space 8704K, 0% used [0x00000000fad80000,0x00000000fad80000,0x00000000fb600000)
 ParOldGen       total 62976K, used 13883K [0x00000000c0000000, 0x00000000c3d80000, 0x00000000eab00000)
  object space 62976K, 22% used [0x00000000c0000000,0x00000000c0d8ec00,0x00000000c3d80000)
 Metaspace       used 8174K, capacity 8324K, committed 8448K, reserved 1056768K
  class space    used 848K, capacity 900K, committed 1024K, reserved 1048576K
}
Event: 46.566 GC heap before
{Heap before GC invocations=19 (full 0):
 PSYoungGen      total 214528K, used 214144K [0x00000000eab00000, 0x00000000fbe80000, 0x0000000100000000)
  eden space 214016K, 100% used [0x00000000eab00000,0x00000000f7c00000,0x00000000f7c00000)
  from space 512K, 25% used [0x00000000fbe00000,0x00000000fbe20000,0x00000000fbe80000)
  to   space 8704K, 0% used [0x00000000fad80000,0x00000000fad80000,0x00000000fb600000)
 ParOldGen       total 62976K, used 13883K [0x00000000c0000000, 0x00000000c3d80000, 0x00000000eab00000)
  object space 62976K, 22% used [0x00000000c0000000,0x00000000c0d8ec00,0x00000000c3d80000)
 Metaspace       used 8174K, capacity 8324K, committed 8448K, reserved 1056768K
  class space    used 848K, capacity 900K, committed 1024K, reserved 1048576K
Event: 46.573 GC heap after
Heap after GC invocations=19 (full 0):
 PSYoungGen      total 213504K, used 128K [0x00000000eab00000, 0x00000000fbe80000, 0x0000000100000000)
  eden space 204800K, 0% used [0x00000000eab00000,0x00000000eab00000,0x00000000f7300000)
  from space 8704K, 1% used [0x00000000fad80000,0x00000000fada0000,0x00000000fb600000)
  to   space 8192K, 0% used [0x00000000fb680000,0x00000000fb680000,0x00000000fbe80000)
 ParOldGen       total 62976K, used 13899K [0x00000000c0000000, 0x00000000c3d80000, 0x00000000eab00000)
  object space 62976K, 22% used [0x00000000c0000000,0x00000000c0d92c00,0x00000000c3d80000)
 Metaspace       used 8174K, capacity 8324K, committed 8448K, reserved 1056768K
  class space    used 848K, capacity 900K, committed 1024K, reserved 1048576K
}
Event: 48.626 GC heap before
{Heap before GC invocations=20 (full 0):
 PSYoungGen      total 213504K, used 204928K [0x00000000eab00000, 0x00000000fbe80000, 0x0000000100000000)
  eden space 204800K, 100% used [0x00000000eab00000,0x00000000f7300000,0x00000000f7300000)
  from space 8704K, 1% used [0x00000000fad80000,0x00000000fada0000,0x00000000fb600000)
  to   space 8192K, 0% used [0x00000000fb680000,0x00000000fb680000,0x00000000fbe80000)
 ParOldGen       total 62976K, used 13899K [0x00000000c0000000, 0x00000000c3d80000, 0x00000000eab00000)
  object space 62976K, 22% used [0x00000000c0000000,0x00000000c0d92c00,0x00000000c3d80000)
 Metaspace       used 8189K, capacity 8324K, committed 8448K, reserved 1056768K
  class space    used 851K, capacity 900K, committed 1024K, reserved 1048576K
Event: 48.638 GC heap after
Heap after GC invocations=20 (full 0):
 PSYoungGen      total 196608K, used 128K [0x00000000eab00000, 0x00000000fb700000, 0x0000000100000000)
  eden space 196096K, 0% used [0x00000000eab00000,0x00000000eab00000,0x00000000f6a80000)
  from space 512K, 25% used [0x00000000fb680000,0x00000000fb6a0000,0x00000000fb700000)
  to   space 7680K, 0% used [0x00000000fa800000,0x00000000fa800000,0x00000000faf80000)
 ParOldGen       total 62976K, used 13923K [0x00000000c0000000, 0x00000000c3d80000, 0x00000000eab00000)
  object space 62976K, 22% used [0x00000000c0000000,0x00000000c0d98c00,0x00000000c3d80000)
 Metaspace       used 8189K, capacity 8324K, committed 8448K, reserved 1056768K
  class space    used 851K, capacity 900K, committed 1024K, reserved 1048576K
}

