# JRE version: OpenJDK Runtime Environment (8.0_412-b08) (build 1.8.0_412-8u412-ga-1~20.04.1-b08)
# Java VM: OpenJDK 64-Bit Server VM (25.412-b08 mixed mode linux-amd64 compressed oops)
Heap:
 PSYoungGen      total 30208K, used 5019K [0x00000000eab00000, 0x00000000f5200000, 0x0000000100000000)
  eden space 29696K, 16% used [0x00000000eab00000,0x00000000eafd6d48,0x00000000ec800000)
  from space 512K, 12% used [0x00000000f5100000,0x00000000f5110000,0x00000000f5180000)
  to   space 512K, 0% used [0x00000000f5180000,0x00000000f5180000,0x00000000f5200000)
 ParOldGen       total 36864K, used 14682K [0x00000000c0000000, 0x00000000c2400000, 0x00000000eab00000)
  object space 36864K, 39% used [0x00000000c0000000,0x00000000c0e56820,0x00000000c2400000)
 Metaspace       used 8570K, capacity 8710K, committed 8960K, reserved 1056768K
  class space    used 890K, capacity 959K, committed 1024K, reserved 1048576K
GC Heap History (10 events):
Event: 9650.157 GC heap before
{Heap before GC invocations=11645 (full 6):
 PSYoungGen      total 32768K, used 32320K [0x00000000eab00000, 0x00000000f5200000, 0x0000000100000000)
  eden space 32256K, 100% used [0x00000000eab00000,0x00000000eca80000,0x00000000eca80000)
  from space 512K, 12% used [0x00000000f5180000,0x00000000f5190000,0x00000000f5200000)
  to   space 512K, 0% used [0x00000000f5100000,0x00000000f5100000,0x00000000f5180000)
 ParOldGen       total 36864K, used 14514K [0x00000000c0000000, 0x00000000c2400000, 0x00000000eab00000)
  object space 36864K, 39% used [0x00000000c0000000,0x00000000c0e2c820,0x00000000c2400000)
 Metaspace       used 8166K, capacity 8326K, committed 8704K, reserved 1056768K
  class space    used 845K, capacity 895K, committed 1024K, reserved 1048576K
Event: 9650.162 GC heap after
Heap after GC invocations=11645 (full 6):
 PSYoungGen      total 32256K, used 64K [0x00000000eab00000, 0x00000000f5200000, 0x0000000100000000)
  eden space 31744K, 0% used [0x00000000eab00000,0x00000000eab00000,0x00000000eca00000)
  from space 512K, 12% used [0x00000000f5100000,0x00000000f5110000,0x00000000f5180000)
  to   space 512K, 0% used [0x00000000f5180000,0x00000000f5180000,0x00000000f5200000)
 ParOldGen       total 36864K, used 14546K [0x00000000c0000000, 0x00000000c2400000, 0x00000000eab00000)
  object space 36864K, 39% used [0x00000000c0000000,0x00000000c0e34820,0x00000000c2400000)
 Metaspace       used 8166K, capacity 8326K, committed 8704K, reserved 1056768K
  class space    used 845K, capacity 895K, committed 1024K, reserved 1048576K
}
Event: 9654.497 GC heap before
{Heap before GC invocations=11646 (full 6):
 PSYoungGen      total 32256K, used 31808K [0x00000000eab00000, 0x00000000f5200000, 0x0000000100000000)
  eden space 31744K, 100% used [0x00000000eab00000,0x00000000eca00000,0x00000000eca00000)
  from space 512K, 12% used [0x00000000f5100000,0x00000000f5110000,0x00000000f5180000)
  to   space 512K, 0% used [0x00000000f5180000,0x00000000f5180000,0x00000000f5200000)
 ParOldGen       total 36864K, used 14546K [0x00000000c0000000, 0x00000000c2400000, 0x00000000eab00000)
  object space 36864K, 39% used [0x00000000c0000000,0x00000000c0e34820,0x00000000c2400000)
 Metaspace       used 8166K, capacity 8326K, committed 8704K, reserved 1056768K
  class space    used 845K, capacity 895K, committed 1024K, reserved 1048576K
Event: 9654.504 GC heap after
Heap after GC invocations=11646 (full 6):
 PSYoungGen      total 31744K, used 64K [0x00000000eab00000, 0x00000000f5200000, 0x0000000100000000)
  eden space 31232K, 0% used [0x00000000eab00000,0x00000000eab00000,0x00000000ec980000)
  from space 512K, 12% used [0x00000000f5180000,0x00000000f5190000,0x00000000f5200000)
  to   space 512K, 0% used [0x00000000f5100000,0x00000000f5100000,0x00000000f5180000)
 ParOldGen       total 36864K, used 14578K [0x00000000c0000000, 0x00000000c2400000, 0x00000000eab00000)
  object space 36864K, 39% used [0x00000000c0000000,0x00000000c0e3c820,0x00000000c2400000)
 Metaspace       used 8166K, capacity 8326K, committed 8704K, reserved 1056768K
  class space    used 845K, capacity 895K, committed 1024K, reserved 1048576K
}
Event: 9658.853 GC heap before
{Heap before GC invocations=11647 (full 6):
 PSYoungGen      total 31744K, used 31296K [0x00000000eab00000, 0x00000000f5200000, 0x0000000100000000)
  eden space 31232K, 100% used [0x00000000eab00000,0x00000000ec980000,0x00000000ec980000)
  from space 512K, 12% used [0x00000000f5180000,0x00000000f5190000,0x00000000f5200000)
  to   space 512K, 0% used [0x00000000f5100000,0x00000000f5100000,0x00000000f5180000)
 ParOldGen       total 36864K, used 14578K [0x00000000c0000000, 0x00000000c2400000, 0x00000000eab00000)
  object space 36864K, 39% used [0x00000000c0000000,0x00000000c0e3c820,0x00000000c2400000)
 Metaspace       used 8166K, capacity 8326K, committed 8704K, reserved 1056768K
  class space    used 845K, capacity 895K, committed 1024K, reserved 1048576K
Event: 9658.872 GC heap after
Heap after GC invocations=11647 (full 6):
 PSYoungGen      total 31232K, used 96K [0x00000000eab00000, 0x00000000f5200000, 0x0000000100000000)
  eden space 30720K, 0% used [0x00000000eab00000,0x00000000eab00000,0x00000000ec900000)
  from space 512K, 18% used [0x00000000f5100000,0x00000000f5118000,0x00000000f5180000)
  to   space 512K, 0% used [0x00000000f5180000,0x00000000f5180000,0x00000000f5200000)
 ParOldGen       total 36864K, used 14618K [0x00000000c0000000, 0x00000000c2400000, 0x00000000eab00000)
  object space 36864K, 39% used [0x00000000c0000000,0x00000000c0e46820,0x00000000c2400000)
 Metaspace       used 8166K, capacity 8326K, committed 8704K, reserved 1056768K
  class space    used 845K, capacity 895K, committed 1024K, reserved 1048576K
}
Event: 9662.105 GC heap before
{Heap before GC invocations=11648 (full 6):
 PSYoungGen      total 31232K, used 30816K [0x00000000eab00000, 0x00000000f5200000, 0x0000000100000000)
  eden space 30720K, 100% used [0x00000000eab00000,0x00000000ec900000,0x00000000ec900000)
  from space 512K, 18% used [0x00000000f5100000,0x00000000f5118000,0x00000000f5180000)
  to   space 512K, 0% used [0x00000000f5180000,0x00000000f5180000,0x00000000f5200000)
 ParOldGen       total 36864K, used 14618K [0x00000000c0000000, 0x00000000c2400000, 0x00000000eab00000)
  object space 36864K, 39% used [0x00000000c0000000,0x00000000c0e46820,0x00000000c2400000)
 Metaspace       used 8166K, capacity 8326K, committed 8704K, reserved 1056768K
  class space    used 845K, capacity 895K, committed 1024K, reserved 1048576K
Event: 9662.111 GC heap after
Heap after GC invocations=11648 (full 6):
 PSYoungGen      total 30720K, used 64K [0x00000000eab00000, 0x00000000f5200000, 0x0000000100000000)
  eden space 30208K, 0% used [0x00000000eab00000,0x00000000eab00000,0x00000000ec880000)
  from space 512K, 12% used [0x00000000f5180000,0x00000000f5190000,0x00000000f5200000)
  to   space 512K, 0% used [0x00000000f5100000,0x00000000f5100000,0x00000000f5180000)
 ParOldGen       total 36864K, used 14650K [0x00000000c0000000, 0x00000000c2400000, 0x00000000eab00000)
  object space 36864K, 39% used [0x00000000c0000000,0x00000000c0e4e820,0x00000000c2400000)
 Metaspace       used 8166K, capacity 8326K, committed 8704K, reserved 1056768K
  class space    used 845K, capacity 895K, committed 1024K, reserved 1048576K
}
Event: 9665.919 GC heap before
{Heap before GC invocations=11649 (full 6):
 PSYoungGen      total 30720K, used 30272K [0x00000000eab00000, 0x00000000f5200000, 0x0000000100000000)
  eden space 30208K, 100% used [0x00000000eab00000,0x00000000ec880000,0x00000000ec880000)
  from space 512K, 12% used [0x00000000f5180000,0x00000000f5190000,0x00000000f5200000)
  to   space 512K, 0% used [0x00000000f5100000,0x00000000f5100000,0x00000000f5180000)
 ParOldGen       total 36864K, used 14650K [0x00000000c0000000, 0x00000000c2400000, 0x00000000eab00000)
  object space 36864K, 39% used [0x00000000c0000000,0x00000000c0e4e820,0x00000000c2400000)
 Metaspace       used 8166K, capacity 8326K, committed 8704K, reserved 1056768K
  class space    used 845K, capacity 895K, committed 1024K, reserved 1048576K
Event: 9665.924 GC heap after
Heap after GC invocations=11649 (full 6):
 PSYoungGen      total 30208K, used 64K [0x00000000eab00000, 0x00000000f5200000, 0x0000000100000000)
  eden space 29696K, 0% used [0x00000000eab00000,0x00000000eab00000,0x00000000ec800000)
  from space 512K, 12% used [0x00000000f5100000,0x00000000f5110000,0x00000000f5180000)
  to   space 512K, 0% used [0x00000000f5180000,0x00000000f5180000,0x00000000f5200000)
 ParOldGen       total 36864K, used 14682K [0x00000000c0000000, 0x00000000c2400000, 0x00000000eab00000)
  object space 36864K, 39% used [0x00000000c0000000,0x00000000c0e56820,0x00000000c2400000)
 Metaspace       used 8166K, capacity 8326K, committed 8704K, reserved 1056768K
  class space    used 845K, capacity 895K, committed 1024K, reserved 1048576K
}

