# JRE version: OpenJDK Runtime Environment (8.0_422-b05) (build 1.8.0_422-8u422-b05-1~20.04-b05)
# Java VM: OpenJDK 64-Bit Server VM (25.422-b05 mixed mode linux-amd64 compressed oops)
Heap:
 PSYoungGen      total 68096K, used 39231K [0x00000000eab00000, 0x00000000ff600000, 0x0000000100000000)
  eden space 67584K, 58% used [0x00000000eab00000,0x00000000ed147c70,0x00000000eed00000)
  from space 512K, 6% used [0x00000000ff580000,0x00000000ff588000,0x00000000ff600000)
  to   space 512K, 0% used [0x00000000ff500000,0x00000000ff500000,0x00000000ff580000)
 ParOldGen       total 62976K, used 13782K [0x00000000c0000000, 0x00000000c3d80000, 0x00000000eab00000)
  object space 62976K, 21% used [0x00000000c0000000,0x00000000c0d758e8,0x00000000c3d80000)
 Metaspace       used 8245K, capacity 8432K, committed 8704K, reserved 1056768K
  class space    used 861K, capacity 932K, committed 1024K, reserved 1048576K
GC Heap History (10 events):
Event: 1142.768 GC heap before
{Heap before GC invocations=1566 (full 0):
 PSYoungGen      total 81408K, used 80928K [0x00000000eab00000, 0x00000000ff600000, 0x0000000100000000)
  eden space 80896K, 100% used [0x00000000eab00000,0x00000000efa00000,0x00000000efa00000)
  from space 512K, 6% used [0x00000000ff500000,0x00000000ff508000,0x00000000ff580000)
  to   space 512K, 0% used [0x00000000ff580000,0x00000000ff580000,0x00000000ff600000)
 ParOldGen       total 62976K, used 13782K [0x00000000c0000000, 0x00000000c3d80000, 0x00000000eab00000)
  object space 62976K, 21% used [0x00000000c0000000,0x00000000c0d758e8,0x00000000c3d80000)
 Metaspace       used 8229K, capacity 8432K, committed 8704K, reserved 1056768K
  class space    used 858K, capacity 932K, committed 1024K, reserved 1048576K
Event: 1142.776 GC heap after
Heap after GC invocations=1566 (full 0):
 PSYoungGen      total 78336K, used 32K [0x00000000eab00000, 0x00000000ff600000, 0x0000000100000000)
  eden space 77824K, 0% used [0x00000000eab00000,0x00000000eab00000,0x00000000ef700000)
  from space 512K, 6% used [0x00000000ff580000,0x00000000ff588000,0x00000000ff600000)
  to   space 512K, 0% used [0x00000000ff500000,0x00000000ff500000,0x00000000ff580000)
 ParOldGen       total 62976K, used 13782K [0x00000000c0000000, 0x00000000c3d80000, 0x00000000eab00000)
  object space 62976K, 21% used [0x00000000c0000000,0x00000000c0d758e8,0x00000000c3d80000)
 Metaspace       used 8229K, capacity 8432K, committed 8704K, reserved 1056768K
  class space    used 858K, capacity 932K, committed 1024K, reserved 1048576K
}
Event: 1143.356 GC heap before
{Heap before GC invocations=1567 (full 0):
 PSYoungGen      total 78336K, used 77856K [0x00000000eab00000, 0x00000000ff600000, 0x0000000100000000)
  eden space 77824K, 100% used [0x00000000eab00000,0x00000000ef700000,0x00000000ef700000)
  from space 512K, 6% used [0x00000000ff580000,0x00000000ff588000,0x00000000ff600000)
  to   space 512K, 0% used [0x00000000ff500000,0x00000000ff500000,0x00000000ff580000)
 ParOldGen       total 62976K, used 13782K [0x00000000c0000000, 0x00000000c3d80000, 0x00000000eab00000)
  object space 62976K, 21% used [0x00000000c0000000,0x00000000c0d758e8,0x00000000c3d80000)
 Metaspace       used 8229K, capacity 8432K, committed 8704K, reserved 1056768K
  class space    used 858K, capacity 932K, committed 1024K, reserved 1048576K
Event: 1143.364 GC heap after
Heap after GC invocations=1567 (full 0):
 PSYoungGen      total 75776K, used 32K [0x00000000eab00000, 0x00000000ff600000, 0x0000000100000000)
  eden space 75264K, 0% used [0x00000000eab00000,0x00000000eab00000,0x00000000ef480000)
  from space 512K, 6% used [0x00000000ff500000,0x00000000ff508000,0x00000000ff580000)
  to   space 512K, 0% used [0x00000000ff580000,0x00000000ff580000,0x00000000ff600000)
 ParOldGen       total 62976K, used 13782K [0x00000000c0000000, 0x00000000c3d80000, 0x00000000eab00000)
  object space 62976K, 21% used [0x00000000c0000000,0x00000000c0d758e8,0x00000000c3d80000)
 Metaspace       used 8229K, capacity 8432K, committed 8704K, reserved 1056768K
  class space    used 858K, capacity 932K, committed 1024K, reserved 1048576K
}
Event: 1143.908 GC heap before
{Heap before GC invocations=1568 (full 0):
 PSYoungGen      total 75776K, used 75296K [0x00000000eab00000, 0x00000000ff600000, 0x0000000100000000)
  eden space 75264K, 100% used [0x00000000eab00000,0x00000000ef480000,0x00000000ef480000)
  from space 512K, 6% used [0x00000000ff500000,0x00000000ff508000,0x00000000ff580000)
  to   space 512K, 0% used [0x00000000ff580000,0x00000000ff580000,0x00000000ff600000)
 ParOldGen       total 62976K, used 13782K [0x00000000c0000000, 0x00000000c3d80000, 0x00000000eab00000)
  object space 62976K, 21% used [0x00000000c0000000,0x00000000c0d758e8,0x00000000c3d80000)
 Metaspace       used 8229K, capacity 8432K, committed 8704K, reserved 1056768K
  class space    used 858K, capacity 932K, committed 1024K, reserved 1048576K
Event: 1143.911 GC heap after
Heap after GC invocations=1568 (full 0):
 PSYoungGen      total 73216K, used 32K [0x00000000eab00000, 0x00000000ff600000, 0x0000000100000000)
  eden space 72704K, 0% used [0x00000000eab00000,0x00000000eab00000,0x00000000ef200000)
  from space 512K, 6% used [0x00000000ff580000,0x00000000ff588000,0x00000000ff600000)
  to   space 512K, 0% used [0x00000000ff500000,0x00000000ff500000,0x00000000ff580000)
 ParOldGen       total 62976K, used 13782K [0x00000000c0000000, 0x00000000c3d80000, 0x00000000eab00000)
  object space 62976K, 21% used [0x00000000c0000000,0x00000000c0d758e8,0x00000000c3d80000)
 Metaspace       used 8229K, capacity 8432K, committed 8704K, reserved 1056768K
  class space    used 858K, capacity 932K, committed 1024K, reserved 1048576K
}
Event: 1144.365 GC heap before
{Heap before GC invocations=1569 (full 0):
 PSYoungGen      total 73216K, used 72736K [0x00000000eab00000, 0x00000000ff600000, 0x0000000100000000)
  eden space 72704K, 100% used [0x00000000eab00000,0x00000000ef200000,0x00000000ef200000)
  from space 512K, 6% used [0x00000000ff580000,0x00000000ff588000,0x00000000ff600000)
  to   space 512K, 0% used [0x00000000ff500000,0x00000000ff500000,0x00000000ff580000)
 ParOldGen       total 62976K, used 13782K [0x00000000c0000000, 0x00000000c3d80000, 0x00000000eab00000)
  object space 62976K, 21% used [0x00000000c0000000,0x00000000c0d758e8,0x00000000c3d80000)
 Metaspace       used 8229K, capacity 8432K, committed 8704K, reserved 1056768K
  class space    used 858K, capacity 932K, committed 1024K, reserved 1048576K
Event: 1144.369 GC heap after
Heap after GC invocations=1569 (full 0):
 PSYoungGen      total 70656K, used 32K [0x00000000eab00000, 0x00000000ff600000, 0x0000000100000000)
  eden space 70144K, 0% used [0x00000000eab00000,0x00000000eab00000,0x00000000eef80000)
  from space 512K, 6% used [0x00000000ff500000,0x00000000ff508000,0x00000000ff580000)
  to   space 512K, 0% used [0x00000000ff580000,0x00000000ff580000,0x00000000ff600000)
 ParOldGen       total 62976K, used 13782K [0x00000000c0000000, 0x00000000c3d80000, 0x00000000eab00000)
  object space 62976K, 21% used [0x00000000c0000000,0x00000000c0d758e8,0x00000000c3d80000)
 Metaspace       used 8229K, capacity 8432K, committed 8704K, reserved 1056768K
  class space    used 858K, capacity 932K, committed 1024K, reserved 1048576K
}
Event: 1144.813 GC heap before
{Heap before GC invocations=1570 (full 0):
 PSYoungGen      total 70656K, used 70176K [0x00000000eab00000, 0x00000000ff600000, 0x0000000100000000)
  eden space 70144K, 100% used [0x00000000eab00000,0x00000000eef80000,0x00000000eef80000)
  from space 512K, 6% used [0x00000000ff500000,0x00000000ff508000,0x00000000ff580000)
  to   space 512K, 0% used [0x00000000ff580000,0x00000000ff580000,0x00000000ff600000)
 ParOldGen       total 62976K, used 13782K [0x00000000c0000000, 0x00000000c3d80000, 0x00000000eab00000)
  object space 62976K, 21% used [0x00000000c0000000,0x00000000c0d758e8,0x00000000c3d80000)
 Metaspace       used 8229K, capacity 8432K, committed 8704K, reserved 1056768K
  class space    used 858K, capacity 932K, committed 1024K, reserved 1048576K
Event: 1144.818 GC heap after
Heap after GC invocations=1570 (full 0):
 PSYoungGen      total 68096K, used 32K [0x00000000eab00000, 0x00000000ff600000, 0x0000000100000000)
  eden space 67584K, 0% used [0x00000000eab00000,0x00000000eab00000,0x00000000eed00000)
  from space 512K, 6% used [0x00000000ff580000,0x00000000ff588000,0x00000000ff600000)
  to   space 512K, 0% used [0x00000000ff500000,0x00000000ff500000,0x00000000ff580000)
 ParOldGen       total 62976K, used 13782K [0x00000000c0000000, 0x00000000c3d80000, 0x00000000eab00000)
  object space 62976K, 21% used [0x00000000c0000000,0x00000000c0d758e8,0x00000000c3d80000)
 Metaspace       used 8229K, capacity 8432K, committed 8704K, reserved 1056768K
  class space    used 858K, capacity 932K, committed 1024K, reserved 1048576K
}

