# JRE version: OpenJDK Runtime Environment (8.0_422-b05) (build 1.8.0_422-8u422-b05-1~20.04-b05)
# Java VM: OpenJDK 64-Bit Server VM (25.422-b05 mixed mode linux-amd64 compressed oops)
Heap:
 PSYoungGen      total 263680K, used 243088K [0x00000000eab00000, 0x0000000100000000, 0x0000000100000000)
  eden space 263168K, 92% used [0x00000000eab00000,0x00000000f985c008,0x00000000fac00000)
  from space 512K, 6% used [0x00000000fff80000,0x00000000fff88000,0x0000000100000000)
  to   space 512K, 0% used [0x00000000fff00000,0x00000000fff00000,0x00000000fff80000)
 ParOldGen       total 62976K, used 13339K [0x00000000c0000000, 0x00000000c3d80000, 0x00000000eab00000)
  object space 62976K, 21% used [0x00000000c0000000,0x00000000c0d06f38,0x00000000c3d80000)
 Metaspace       used 8233K, capacity 8432K, committed 8704K, reserved 1056768K
  class space    used 861K, capacity 932K, committed 1024K, reserved 1048576K
GC Heap History (10 events):
Event: 140.807 GC heap before
{Heap before GC invocations=170 (full 0):
 PSYoungGen      total 209920K, used 209440K [0x00000000eab00000, 0x0000000100000000, 0x0000000100000000)
  eden space 209408K, 100% used [0x00000000eab00000,0x00000000f7780000,0x00000000f7780000)
  from space 512K, 6% used [0x00000000fff00000,0x00000000fff08000,0x00000000fff80000)
  to   space 512K, 0% used [0x00000000fff80000,0x00000000fff80000,0x0000000100000000)
 ParOldGen       total 62976K, used 13339K [0x00000000c0000000, 0x00000000c3d80000, 0x00000000eab00000)
  object space 62976K, 21% used [0x00000000c0000000,0x00000000c0d06f38,0x00000000c3d80000)
 Metaspace       used 8218K, capacity 8432K, committed 8704K, reserved 1056768K
  class space    used 859K, capacity 932K, committed 1024K, reserved 1048576K
Event: 140.815 GC heap after
Heap after GC invocations=170 (full 0):
 PSYoungGen      total 251904K, used 32K [0x00000000eab00000, 0x0000000100000000, 0x0000000100000000)
  eden space 251392K, 0% used [0x00000000eab00000,0x00000000eab00000,0x00000000fa080000)
  from space 512K, 6% used [0x00000000fff80000,0x00000000fff88000,0x0000000100000000)
  to   space 512K, 0% used [0x00000000fff00000,0x00000000fff00000,0x00000000fff80000)
 ParOldGen       total 62976K, used 13339K [0x00000000c0000000, 0x00000000c3d80000, 0x00000000eab00000)
  object space 62976K, 21% used [0x00000000c0000000,0x00000000c0d06f38,0x00000000c3d80000)
 Metaspace       used 8218K, capacity 8432K, committed 8704K, reserved 1056768K
  class space    used 859K, capacity 932K, committed 1024K, reserved 1048576K
}
Event: 141.716 GC heap before
{Heap before GC invocations=171 (full 0):
 PSYoungGen      total 251904K, used 251424K [0x00000000eab00000, 0x0000000100000000, 0x0000000100000000)
  eden space 251392K, 100% used [0x00000000eab00000,0x00000000fa080000,0x00000000fa080000)
  from space 512K, 6% used [0x00000000fff80000,0x00000000fff88000,0x0000000100000000)
  to   space 512K, 0% used [0x00000000fff00000,0x00000000fff00000,0x00000000fff80000)
 ParOldGen       total 62976K, used 13339K [0x00000000c0000000, 0x00000000c3d80000, 0x00000000eab00000)
  object space 62976K, 21% used [0x00000000c0000000,0x00000000c0d06f38,0x00000000c3d80000)
 Metaspace       used 8218K, capacity 8432K, committed 8704K, reserved 1056768K
  class space    used 859K, capacity 932K, committed 1024K, reserved 1048576K
Event: 141.731 GC heap after
Heap after GC invocations=171 (full 0):
 PSYoungGen      total 302592K, used 32K [0x00000000eab00000, 0x0000000100000000, 0x0000000100000000)
  eden space 302080K, 0% used [0x00000000eab00000,0x00000000eab00000,0x00000000fd200000)
  from space 512K, 6% used [0x00000000fff00000,0x00000000fff08000,0x00000000fff80000)
  to   space 512K, 0% used [0x00000000fff80000,0x00000000fff80000,0x0000000100000000)
 ParOldGen       total 62976K, used 13339K [0x00000000c0000000, 0x00000000c3d80000, 0x00000000eab00000)
  object space 62976K, 21% used [0x00000000c0000000,0x00000000c0d06f38,0x00000000c3d80000)
 Metaspace       used 8218K, capacity 8432K, committed 8704K, reserved 1056768K
  class space    used 859K, capacity 932K, committed 1024K, reserved 1048576K
}
Event: 142.744 GC heap before
{Heap before GC invocations=172 (full 0):
 PSYoungGen      total 302592K, used 302112K [0x00000000eab00000, 0x0000000100000000, 0x0000000100000000)
  eden space 302080K, 100% used [0x00000000eab00000,0x00000000fd200000,0x00000000fd200000)
  from space 512K, 6% used [0x00000000fff00000,0x00000000fff08000,0x00000000fff80000)
  to   space 512K, 0% used [0x00000000fff80000,0x00000000fff80000,0x0000000100000000)
 ParOldGen       total 62976K, used 13339K [0x00000000c0000000, 0x00000000c3d80000, 0x00000000eab00000)
  object space 62976K, 21% used [0x00000000c0000000,0x00000000c0d06f38,0x00000000c3d80000)
 Metaspace       used 8218K, capacity 8432K, committed 8704K, reserved 1056768K
  class space    used 859K, capacity 932K, committed 1024K, reserved 1048576K
Event: 142.747 GC heap after
Heap after GC invocations=172 (full 0):
 PSYoungGen      total 288768K, used 32K [0x00000000eab00000, 0x0000000100000000, 0x0000000100000000)
  eden space 288256K, 0% used [0x00000000eab00000,0x00000000eab00000,0x00000000fc480000)
  from space 512K, 6% used [0x00000000fff80000,0x00000000fff88000,0x0000000100000000)
  to   space 512K, 0% used [0x00000000fff00000,0x00000000fff00000,0x00000000fff80000)
 ParOldGen       total 62976K, used 13339K [0x00000000c0000000, 0x00000000c3d80000, 0x00000000eab00000)
  object space 62976K, 21% used [0x00000000c0000000,0x00000000c0d06f38,0x00000000c3d80000)
 Metaspace       used 8218K, capacity 8432K, committed 8704K, reserved 1056768K
  class space    used 859K, capacity 932K, committed 1024K, reserved 1048576K
}
Event: 143.747 GC heap before
{Heap before GC invocations=173 (full 0):
 PSYoungGen      total 288768K, used 288288K [0x00000000eab00000, 0x0000000100000000, 0x0000000100000000)
  eden space 288256K, 100% used [0x00000000eab00000,0x00000000fc480000,0x00000000fc480000)
  from space 512K, 6% used [0x00000000fff80000,0x00000000fff88000,0x0000000100000000)
  to   space 512K, 0% used [0x00000000fff00000,0x00000000fff00000,0x00000000fff80000)
 ParOldGen       total 62976K, used 13339K [0x00000000c0000000, 0x00000000c3d80000, 0x00000000eab00000)
  object space 62976K, 21% used [0x00000000c0000000,0x00000000c0d06f38,0x00000000c3d80000)
 Metaspace       used 8218K, capacity 8432K, committed 8704K, reserved 1056768K
  class space    used 859K, capacity 932K, committed 1024K, reserved 1048576K
Event: 143.750 GC heap after
Heap after GC invocations=173 (full 0):
 PSYoungGen      total 275968K, used 32K [0x00000000eab00000, 0x0000000100000000, 0x0000000100000000)
  eden space 275456K, 0% used [0x00000000eab00000,0x00000000eab00000,0x00000000fb800000)
  from space 512K, 6% used [0x00000000fff00000,0x00000000fff08000,0x00000000fff80000)
  to   space 512K, 0% used [0x00000000fff80000,0x00000000fff80000,0x0000000100000000)
 ParOldGen       total 62976K, used 13339K [0x00000000c0000000, 0x00000000c3d80000, 0x00000000eab00000)
  object space 62976K, 21% used [0x00000000c0000000,0x00000000c0d06f38,0x00000000c3d80000)
 Metaspace       used 8218K, capacity 8432K, committed 8704K, reserved 1056768K
  class space    used 859K, capacity 932K, committed 1024K, reserved 1048576K
}
Event: 144.815 GC heap before
{Heap before GC invocations=174 (full 0):
 PSYoungGen      total 275968K, used 275488K [0x00000000eab00000, 0x0000000100000000, 0x0000000100000000)
  eden space 275456K, 100% used [0x00000000eab00000,0x00000000fb800000,0x00000000fb800000)
  from space 512K, 6% used [0x00000000fff00000,0x00000000fff08000,0x00000000fff80000)
  to   space 512K, 0% used [0x00000000fff80000,0x00000000fff80000,0x0000000100000000)
 ParOldGen       total 62976K, used 13339K [0x00000000c0000000, 0x00000000c3d80000, 0x00000000eab00000)
  object space 62976K, 21% used [0x00000000c0000000,0x00000000c0d06f38,0x00000000c3d80000)
 Metaspace       used 8218K, capacity 8432K, committed 8704K, reserved 1056768K
  class space    used 859K, capacity 932K, committed 1024K, reserved 1048576K
Event: 144.818 GC heap after
Heap after GC invocations=174 (full 0):
 PSYoungGen      total 263680K, used 32K [0x00000000eab00000, 0x0000000100000000, 0x0000000100000000)
  eden space 263168K, 0% used [0x00000000eab00000,0x00000000eab00000,0x00000000fac00000)
  from space 512K, 6% used [0x00000000fff80000,0x00000000fff88000,0x0000000100000000)
  to   space 512K, 0% used [0x00000000fff00000,0x00000000fff00000,0x00000000fff80000)
 ParOldGen       total 62976K, used 13339K [0x00000000c0000000, 0x00000000c3d80000, 0x00000000eab00000)
  object space 62976K, 21% used [0x00000000c0000000,0x00000000c0d06f38,0x00000000c3d80000)
 Metaspace       used 8218K, capacity 8432K, committed 8704K, reserved 1056768K
  class space    used 859K, capacity 932K, committed 1024K, reserved 1048576K
}

