# JRE version: OpenJDK Runtime Environment (8.0_422-b05) (build 1.8.0_422-8u422-b05-1~20.04-b05)
# Java VM: OpenJDK 64-Bit Server VM (25.422-b05 mixed mode linux-amd64 compressed oops)
Heap:
 PSYoungGen      total 77312K, used 44293K [0x00000000eab00000, 0x00000000f9780000, 0x0000000100000000)
  eden space 75264K, 58% used [0x00000000eab00000,0x00000000ed639520,0x00000000ef480000)
  from space 2048K, 1% used [0x00000000f9380000,0x00000000f9388000,0x00000000f9580000)
  to   space 1536K, 0% used [0x00000000f9600000,0x00000000f9600000,0x00000000f9780000)
 ParOldGen       total 62976K, used 14965K [0x00000000c0000000, 0x00000000c3d80000, 0x00000000eab00000)
  object space 62976K, 23% used [0x00000000c0000000,0x00000000c0e9d428,0x00000000c3d80000)
 Metaspace       used 8226K, capacity 8432K, committed 8704K, reserved 1056768K
  class space    used 861K, capacity 932K, committed 1024K, reserved 1048576K
GC Heap History (10 events):
Event: 151.855 GC heap before
{Heap before GC invocations=39 (full 0):
 PSYoungGen      total 90624K, used 90144K [0x00000000eab00000, 0x00000000f9a80000, 0x0000000100000000)
  eden space 90112K, 100% used [0x00000000eab00000,0x00000000f0300000,0x00000000f0300000)
  from space 512K, 6% used [0x00000000f9a00000,0x00000000f9a08000,0x00000000f9a80000)
  to   space 2560K, 0% used [0x00000000f9580000,0x00000000f9580000,0x00000000f9800000)
 ParOldGen       total 62976K, used 14965K [0x00000000c0000000, 0x00000000c3d80000, 0x00000000eab00000)
  object space 62976K, 23% used [0x00000000c0000000,0x00000000c0e9d428,0x00000000c3d80000)
 Metaspace       used 8209K, capacity 8432K, committed 8704K, reserved 1056768K
  class space    used 859K, capacity 932K, committed 1024K, reserved 1048576K
Event: 151.858 GC heap after
Heap after GC invocations=39 (full 0):
 PSYoungGen      total 89600K, used 32K [0x00000000eab00000, 0x00000000f9a80000, 0x0000000100000000)
  eden space 87040K, 0% used [0x00000000eab00000,0x00000000eab00000,0x00000000f0000000)
  from space 2560K, 1% used [0x00000000f9580000,0x00000000f9588000,0x00000000f9800000)
  to   space 2048K, 0% used [0x00000000f9880000,0x00000000f9880000,0x00000000f9a80000)
 ParOldGen       total 62976K, used 14965K [0x00000000c0000000, 0x00000000c3d80000, 0x00000000eab00000)
  object space 62976K, 23% used [0x00000000c0000000,0x00000000c0e9d428,0x00000000c3d80000)
 Metaspace       used 8209K, capacity 8432K, committed 8704K, reserved 1056768K
  class space    used 859K, capacity 932K, committed 1024K, reserved 1048576K
}
Event: 153.256 GC heap before
{Heap before GC invocations=40 (full 0):
 PSYoungGen      total 89600K, used 87072K [0x00000000eab00000, 0x00000000f9a80000, 0x0000000100000000)
  eden space 87040K, 100% used [0x00000000eab00000,0x00000000f0000000,0x00000000f0000000)
  from space 2560K, 1% used [0x00000000f9580000,0x00000000f9588000,0x00000000f9800000)
  to   space 2048K, 0% used [0x00000000f9880000,0x00000000f9880000,0x00000000f9a80000)
 ParOldGen       total 62976K, used 14965K [0x00000000c0000000, 0x00000000c3d80000, 0x00000000eab00000)
  object space 62976K, 23% used [0x00000000c0000000,0x00000000c0e9d428,0x00000000c3d80000)
 Metaspace       used 8209K, capacity 8432K, committed 8704K, reserved 1056768K
  class space    used 859K, capacity 932K, committed 1024K, reserved 1048576K
Event: 153.259 GC heap after
Heap after GC invocations=40 (full 0):
 PSYoungGen      total 84480K, used 32K [0x00000000eab00000, 0x00000000f9900000, 0x0000000100000000)
  eden space 83968K, 0% used [0x00000000eab00000,0x00000000eab00000,0x00000000efd00000)
  from space 512K, 6% used [0x00000000f9880000,0x00000000f9888000,0x00000000f9900000)
  to   space 2048K, 0% used [0x00000000f9500000,0x00000000f9500000,0x00000000f9700000)
 ParOldGen       total 62976K, used 14965K [0x00000000c0000000, 0x00000000c3d80000, 0x00000000eab00000)
  object space 62976K, 23% used [0x00000000c0000000,0x00000000c0e9d428,0x00000000c3d80000)
 Metaspace       used 8209K, capacity 8432K, committed 8704K, reserved 1056768K
  class space    used 859K, capacity 932K, committed 1024K, reserved 1048576K
}
Event: 154.606 GC heap before
{Heap before GC invocations=41 (full 0):
 PSYoungGen      total 84480K, used 84000K [0x00000000eab00000, 0x00000000f9900000, 0x0000000100000000)
  eden space 83968K, 100% used [0x00000000eab00000,0x00000000efd00000,0x00000000efd00000)
  from space 512K, 6% used [0x00000000f9880000,0x00000000f9888000,0x00000000f9900000)
  to   space 2048K, 0% used [0x00000000f9500000,0x00000000f9500000,0x00000000f9700000)
 ParOldGen       total 62976K, used 14965K [0x00000000c0000000, 0x00000000c3d80000, 0x00000000eab00000)
  object space 62976K, 23% used [0x00000000c0000000,0x00000000c0e9d428,0x00000000c3d80000)
 Metaspace       used 8209K, capacity 8432K, committed 8704K, reserved 1056768K
  class space    used 859K, capacity 932K, committed 1024K, reserved 1048576K
Event: 154.609 GC heap after
Heap after GC invocations=41 (full 0):
 PSYoungGen      total 82944K, used 32K [0x00000000eab00000, 0x00000000f9900000, 0x0000000100000000)
  eden space 80896K, 0% used [0x00000000eab00000,0x00000000eab00000,0x00000000efa00000)
  from space 2048K, 1% used [0x00000000f9500000,0x00000000f9508000,0x00000000f9700000)
  to   space 2048K, 0% used [0x00000000f9700000,0x00000000f9700000,0x00000000f9900000)
 ParOldGen       total 62976K, used 14965K [0x00000000c0000000, 0x00000000c3d80000, 0x00000000eab00000)
  object space 62976K, 23% used [0x00000000c0000000,0x00000000c0e9d428,0x00000000c3d80000)
 Metaspace       used 8209K, capacity 8432K, committed 8704K, reserved 1056768K
  class space    used 859K, capacity 932K, committed 1024K, reserved 1048576K
}
Event: 156.003 GC heap before
{Heap before GC invocations=42 (full 0):
 PSYoungGen      total 82944K, used 80928K [0x00000000eab00000, 0x00000000f9900000, 0x0000000100000000)
  eden space 80896K, 100% used [0x00000000eab00000,0x00000000efa00000,0x00000000efa00000)
  from space 2048K, 1% used [0x00000000f9500000,0x00000000f9508000,0x00000000f9700000)
  to   space 2048K, 0% used [0x00000000f9700000,0x00000000f9700000,0x00000000f9900000)
 ParOldGen       total 62976K, used 14965K [0x00000000c0000000, 0x00000000c3d80000, 0x00000000eab00000)
  object space 62976K, 23% used [0x00000000c0000000,0x00000000c0e9d428,0x00000000c3d80000)
 Metaspace       used 8209K, capacity 8432K, committed 8704K, reserved 1056768K
  class space    used 859K, capacity 932K, committed 1024K, reserved 1048576K
Event: 156.006 GC heap after
Heap after GC invocations=42 (full 0):
 PSYoungGen      total 78336K, used 32K [0x00000000eab00000, 0x00000000f9780000, 0x0000000100000000)
  eden space 77824K, 0% used [0x00000000eab00000,0x00000000eab00000,0x00000000ef700000)
  from space 512K, 6% used [0x00000000f9700000,0x00000000f9708000,0x00000000f9780000)
  to   space 2048K, 0% used [0x00000000f9380000,0x00000000f9380000,0x00000000f9580000)
 ParOldGen       total 62976K, used 14965K [0x00000000c0000000, 0x00000000c3d80000, 0x00000000eab00000)
  object space 62976K, 23% used [0x00000000c0000000,0x00000000c0e9d428,0x00000000c3d80000)
 Metaspace       used 8209K, capacity 8432K, committed 8704K, reserved 1056768K
  class space    used 859K, capacity 932K, committed 1024K, reserved 1048576K
}
Event: 157.333 GC heap before
{Heap before GC invocations=43 (full 0):
 PSYoungGen      total 78336K, used 77856K [0x00000000eab00000, 0x00000000f9780000, 0x0000000100000000)
  eden space 77824K, 100% used [0x00000000eab00000,0x00000000ef700000,0x00000000ef700000)
  from space 512K, 6% used [0x00000000f9700000,0x00000000f9708000,0x00000000f9780000)
  to   space 2048K, 0% used [0x00000000f9380000,0x00000000f9380000,0x00000000f9580000)
 ParOldGen       total 62976K, used 14965K [0x00000000c0000000, 0x00000000c3d80000, 0x00000000eab00000)
  object space 62976K, 23% used [0x00000000c0000000,0x00000000c0e9d428,0x00000000c3d80000)
 Metaspace       used 8209K, capacity 8432K, committed 8704K, reserved 1056768K
  class space    used 859K, capacity 932K, committed 1024K, reserved 1048576K
Event: 157.337 GC heap after
Heap after GC invocations=43 (full 0):
 PSYoungGen      total 77312K, used 32K [0x00000000eab00000, 0x00000000f9780000, 0x0000000100000000)
  eden space 75264K, 0% used [0x00000000eab00000,0x00000000eab00000,0x00000000ef480000)
  from space 2048K, 1% used [0x00000000f9380000,0x00000000f9388000,0x00000000f9580000)
  to   space 1536K, 0% used [0x00000000f9600000,0x00000000f9600000,0x00000000f9780000)
 ParOldGen       total 62976K, used 14965K [0x00000000c0000000, 0x00000000c3d80000, 0x00000000eab00000)
  object space 62976K, 23% used [0x00000000c0000000,0x00000000c0e9d428,0x00000000c3d80000)
 Metaspace       used 8209K, capacity 8432K, committed 8704K, reserved 1056768K
  class space    used 859K, capacity 932K, committed 1024K, reserved 1048576K
}

