# JRE version: OpenJDK Runtime Environment (8.0_412-b08) (build 1.8.0_412-8u412-ga-1~20.04.1-b08)
# Java VM: OpenJDK 64-Bit Server VM (25.412-b08 mixed mode linux-amd64 compressed oops)
Heap:
 PSYoungGen      total 41472K, used 6071K [0x00000000eab00000, 0x00000000fdf80000, 0x0000000100000000)
  eden space 40960K, 14% used [0x00000000eab00000,0x00000000eb0cdd20,0x00000000ed300000)
  from space 512K, 25% used [0x00000000fde80000,0x00000000fdea0000,0x00000000fdf00000)
  to   space 512K, 0% used [0x00000000fdf00000,0x00000000fdf00000,0x00000000fdf80000)
 ParOldGen       total 62976K, used 27312K [0x00000000c0000000, 0x00000000c3d80000, 0x00000000eab00000)
  object space 62976K, 43% used [0x00000000c0000000,0x00000000c1aac350,0x00000000c3d80000)
 Metaspace       used 8277K, capacity 8432K, committed 8704K, reserved 1056768K
  class space    used 864K, capacity 932K, committed 1024K, reserved 1048576K
GC Heap History (10 events):
Event: 297.508 GC heap before
{Heap before GC invocations=159 (full 0):
 PSYoungGen      total 46592K, used 46208K [0x00000000eab00000, 0x00000000fdf80000, 0x0000000100000000)
  eden space 46080K, 100% used [0x00000000eab00000,0x00000000ed800000,0x00000000ed800000)
  from space 512K, 25% used [0x00000000fdf00000,0x00000000fdf20000,0x00000000fdf80000)
  to   space 512K, 0% used [0x00000000fde80000,0x00000000fde80000,0x00000000fdf00000)
 ParOldGen       total 62976K, used 27232K [0x00000000c0000000, 0x00000000c3d80000, 0x00000000eab00000)
  object space 62976K, 43% used [0x00000000c0000000,0x00000000c1a98350,0x00000000c3d80000)
 Metaspace       used 8100K, capacity 8272K, committed 8448K, reserved 1056768K
  class space    used 846K, capacity 900K, committed 1024K, reserved 1048576K
Event: 297.527 GC heap after
Heap after GC invocations=159 (full 0):
 PSYoungGen      total 45568K, used 128K [0x00000000eab00000, 0x00000000fdf80000, 0x0000000100000000)
  eden space 45056K, 0% used [0x00000000eab00000,0x00000000eab00000,0x00000000ed700000)
  from space 512K, 25% used [0x00000000fde80000,0x00000000fdea0000,0x00000000fdf00000)
  to   space 512K, 0% used [0x00000000fdf00000,0x00000000fdf00000,0x00000000fdf80000)
 ParOldGen       total 62976K, used 27256K [0x00000000c0000000, 0x00000000c3d80000, 0x00000000eab00000)
  object space 62976K, 43% used [0x00000000c0000000,0x00000000c1a9e350,0x00000000c3d80000)
 Metaspace       used 8100K, capacity 8272K, committed 8448K, reserved 1056768K
  class space    used 846K, capacity 900K, committed 1024K, reserved 1048576K
}
Event: 298.847 GC heap before
{Heap before GC invocations=160 (full 0):
 PSYoungGen      total 45568K, used 45184K [0x00000000eab00000, 0x00000000fdf80000, 0x0000000100000000)
  eden space 45056K, 100% used [0x00000000eab00000,0x00000000ed700000,0x00000000ed700000)
  from space 512K, 25% used [0x00000000fde80000,0x00000000fdea0000,0x00000000fdf00000)
  to   space 512K, 0% used [0x00000000fdf00000,0x00000000fdf00000,0x00000000fdf80000)
 ParOldGen       total 62976K, used 27256K [0x00000000c0000000, 0x00000000c3d80000, 0x00000000eab00000)
  object space 62976K, 43% used [0x00000000c0000000,0x00000000c1a9e350,0x00000000c3d80000)
 Metaspace       used 8100K, capacity 8272K, committed 8448K, reserved 1056768K
  class space    used 846K, capacity 900K, committed 1024K, reserved 1048576K
Event: 298.853 GC heap after
Heap after GC invocations=160 (full 0):
 PSYoungGen      total 44544K, used 128K [0x00000000eab00000, 0x00000000fdf80000, 0x0000000100000000)
  eden space 44032K, 0% used [0x00000000eab00000,0x00000000eab00000,0x00000000ed600000)
  from space 512K, 25% used [0x00000000fdf00000,0x00000000fdf20000,0x00000000fdf80000)
  to   space 512K, 0% used [0x00000000fde80000,0x00000000fde80000,0x00000000fdf00000)
 ParOldGen       total 62976K, used 27264K [0x00000000c0000000, 0x00000000c3d80000, 0x00000000eab00000)
  object space 62976K, 43% used [0x00000000c0000000,0x00000000c1aa0350,0x00000000c3d80000)
 Metaspace       used 8100K, capacity 8272K, committed 8448K, reserved 1056768K
  class space    used 846K, capacity 900K, committed 1024K, reserved 1048576K
}
Event: 300.558 GC heap before
{Heap before GC invocations=161 (full 0):
 PSYoungGen      total 44544K, used 44160K [0x00000000eab00000, 0x00000000fdf80000, 0x0000000100000000)
  eden space 44032K, 100% used [0x00000000eab00000,0x00000000ed600000,0x00000000ed600000)
  from space 512K, 25% used [0x00000000fdf00000,0x00000000fdf20000,0x00000000fdf80000)
  to   space 512K, 0% used [0x00000000fde80000,0x00000000fde80000,0x00000000fdf00000)
 ParOldGen       total 62976K, used 27264K [0x00000000c0000000, 0x00000000c3d80000, 0x00000000eab00000)
  object space 62976K, 43% used [0x00000000c0000000,0x00000000c1aa0350,0x00000000c3d80000)
 Metaspace       used 8100K, capacity 8272K, committed 8448K, reserved 1056768K
  class space    used 846K, capacity 900K, committed 1024K, reserved 1048576K
Event: 300.566 GC heap after
Heap after GC invocations=161 (full 0):
 PSYoungGen      total 43520K, used 128K [0x00000000eab00000, 0x00000000fdf80000, 0x0000000100000000)
  eden space 43008K, 0% used [0x00000000eab00000,0x00000000eab00000,0x00000000ed500000)
  from space 512K, 25% used [0x00000000fde80000,0x00000000fdea0000,0x00000000fdf00000)
  to   space 512K, 0% used [0x00000000fdf00000,0x00000000fdf00000,0x00000000fdf80000)
 ParOldGen       total 62976K, used 27280K [0x00000000c0000000, 0x00000000c3d80000, 0x00000000eab00000)
  object space 62976K, 43% used [0x00000000c0000000,0x00000000c1aa4350,0x00000000c3d80000)
 Metaspace       used 8100K, capacity 8272K, committed 8448K, reserved 1056768K
  class space    used 846K, capacity 900K, committed 1024K, reserved 1048576K
}
Event: 302.738 GC heap before
{Heap before GC invocations=162 (full 0):
 PSYoungGen      total 43520K, used 43136K [0x00000000eab00000, 0x00000000fdf80000, 0x0000000100000000)
  eden space 43008K, 100% used [0x00000000eab00000,0x00000000ed500000,0x00000000ed500000)
  from space 512K, 25% used [0x00000000fde80000,0x00000000fdea0000,0x00000000fdf00000)
  to   space 512K, 0% used [0x00000000fdf00000,0x00000000fdf00000,0x00000000fdf80000)
 ParOldGen       total 62976K, used 27280K [0x00000000c0000000, 0x00000000c3d80000, 0x00000000eab00000)
  object space 62976K, 43% used [0x00000000c0000000,0x00000000c1aa4350,0x00000000c3d80000)
 Metaspace       used 8100K, capacity 8272K, committed 8448K, reserved 1056768K
  class space    used 846K, capacity 900K, committed 1024K, reserved 1048576K
Event: 302.748 GC heap after
Heap after GC invocations=162 (full 0):
 PSYoungGen      total 42496K, used 128K [0x00000000eab00000, 0x00000000fdf80000, 0x0000000100000000)
  eden space 41984K, 0% used [0x00000000eab00000,0x00000000eab00000,0x00000000ed400000)
  from space 512K, 25% used [0x00000000fdf00000,0x00000000fdf20000,0x00000000fdf80000)
  to   space 512K, 0% used [0x00000000fde80000,0x00000000fde80000,0x00000000fdf00000)
 ParOldGen       total 62976K, used 27296K [0x00000000c0000000, 0x00000000c3d80000, 0x00000000eab00000)
  object space 62976K, 43% used [0x00000000c0000000,0x00000000c1aa8350,0x00000000c3d80000)
 Metaspace       used 8100K, capacity 8272K, committed 8448K, reserved 1056768K
  class space    used 846K, capacity 900K, committed 1024K, reserved 1048576K
}
Event: 303.992 GC heap before
{Heap before GC invocations=163 (full 0):
 PSYoungGen      total 42496K, used 42112K [0x00000000eab00000, 0x00000000fdf80000, 0x0000000100000000)
  eden space 41984K, 100% used [0x00000000eab00000,0x00000000ed400000,0x00000000ed400000)
  from space 512K, 25% used [0x00000000fdf00000,0x00000000fdf20000,0x00000000fdf80000)
  to   space 512K, 0% used [0x00000000fde80000,0x00000000fde80000,0x00000000fdf00000)
 ParOldGen       total 62976K, used 27296K [0x00000000c0000000, 0x00000000c3d80000, 0x00000000eab00000)
  object space 62976K, 43% used [0x00000000c0000000,0x00000000c1aa8350,0x00000000c3d80000)
 Metaspace       used 8100K, capacity 8272K, committed 8448K, reserved 1056768K
  class space    used 846K, capacity 900K, committed 1024K, reserved 1048576K
Event: 304.004 GC heap after
Heap after GC invocations=163 (full 0):
 PSYoungGen      total 41472K, used 128K [0x00000000eab00000, 0x00000000fdf80000, 0x0000000100000000)
  eden space 40960K, 0% used [0x00000000eab00000,0x00000000eab00000,0x00000000ed300000)
  from space 512K, 25% used [0x00000000fde80000,0x00000000fdea0000,0x00000000fdf00000)
  to   space 512K, 0% used [0x00000000fdf00000,0x00000000fdf00000,0x00000000fdf80000)
 ParOldGen       total 62976K, used 27312K [0x00000000c0000000, 0x00000000c3d80000, 0x00000000eab00000)
  object space 62976K, 43% used [0x00000000c0000000,0x00000000c1aac350,0x00000000c3d80000)
 Metaspace       used 8100K, capacity 8272K, committed 8448K, reserved 1056768K
  class space    used 846K, capacity 900K, committed 1024K, reserved 1048576K
}

