# JRE version: OpenJDK Runtime Environment (8.0_422-b05) (build 1.8.0_422-8u422-b05-1~20.04-b05)
# Java VM: OpenJDK 64-Bit Server VM (25.422-b05 mixed mode linux-amd64 compressed oops)
Heap:
 PSYoungGen      total 45568K, used 11136K [0x00000000eab00000, 0x00000000f1d00000, 0x0000000100000000)
  eden space 45056K, 24% used [0x00000000eab00000,0x00000000eb5c8290,0x00000000ed700000)
  from space 512K, 18% used [0x00000000f1c80000,0x00000000f1c98000,0x00000000f1d00000)
  to   space 512K, 0% used [0x00000000f1c00000,0x00000000f1c00000,0x00000000f1c80000)
 ParOldGen       total 62976K, used 45680K [0x00000000c0000000, 0x00000000c3d80000, 0x00000000eab00000)
  object space 62976K, 72% used [0x00000000c0000000,0x00000000c2c9c0b0,0x00000000c3d80000)
 Metaspace       used 8143K, capacity 8272K, committed 8448K, reserved 1056768K
  class space    used 853K, capacity 900K, committed 1024K, reserved 1048576K
GC Heap History (10 events):
Event: 1055.435 GC heap before
{Heap before GC invocations=1532 (full 0):
 PSYoungGen      total 33792K, used 33344K [0x00000000eab00000, 0x00000000f1d00000, 0x0000000100000000)
  eden space 33280K, 100% used [0x00000000eab00000,0x00000000ecb80000,0x00000000ecb80000)
  from space 512K, 12% used [0x00000000f1c00000,0x00000000f1c10000,0x00000000f1c80000)
  to   space 512K, 0% used [0x00000000f1c80000,0x00000000f1c80000,0x00000000f1d00000)
 ParOldGen       total 62976K, used 45568K [0x00000000c0000000, 0x00000000c3d80000, 0x00000000eab00000)
  object space 62976K, 72% used [0x00000000c0000000,0x00000000c2c800b0,0x00000000c3d80000)
 Metaspace       used 8127K, capacity 8272K, committed 8448K, reserved 1056768K
  class space    used 850K, capacity 900K, committed 1024K, reserved 1048576K
Event: 1055.441 GC heap after
Heap after GC invocations=1532 (full 0):
 PSYoungGen      total 33280K, used 96K [0x00000000eab00000, 0x00000000f1d00000, 0x0000000100000000)
  eden space 32768K, 0% used [0x00000000eab00000,0x00000000eab00000,0x00000000ecb00000)
  from space 512K, 18% used [0x00000000f1c80000,0x00000000f1c98000,0x00000000f1d00000)
  to   space 512K, 0% used [0x00000000f1c00000,0x00000000f1c00000,0x00000000f1c80000)
 ParOldGen       total 62976K, used 45592K [0x00000000c0000000, 0x00000000c3d80000, 0x00000000eab00000)
  object space 62976K, 72% used [0x00000000c0000000,0x00000000c2c860b0,0x00000000c3d80000)
 Metaspace       used 8127K, capacity 8272K, committed 8448K, reserved 1056768K
  class space    used 850K, capacity 900K, committed 1024K, reserved 1048576K
}
Event: 1055.833 GC heap before
{Heap before GC invocations=1533 (full 0):
 PSYoungGen      total 33280K, used 32864K [0x00000000eab00000, 0x00000000f1d00000, 0x0000000100000000)
  eden space 32768K, 100% used [0x00000000eab00000,0x00000000ecb00000,0x00000000ecb00000)
  from space 512K, 18% used [0x00000000f1c80000,0x00000000f1c98000,0x00000000f1d00000)
  to   space 512K, 0% used [0x00000000f1c00000,0x00000000f1c00000,0x00000000f1c80000)
 ParOldGen       total 62976K, used 45592K [0x00000000c0000000, 0x00000000c3d80000, 0x00000000eab00000)
  object space 62976K, 72% used [0x00000000c0000000,0x00000000c2c860b0,0x00000000c3d80000)
 Metaspace       used 8127K, capacity 8272K, committed 8448K, reserved 1056768K
  class space    used 850K, capacity 900K, committed 1024K, reserved 1048576K
Event: 1055.849 GC heap after
Heap after GC invocations=1533 (full 0):
 PSYoungGen      total 39936K, used 64K [0x00000000eab00000, 0x00000000f1d00000, 0x0000000100000000)
  eden space 39424K, 0% used [0x00000000eab00000,0x00000000eab00000,0x00000000ed180000)
  from space 512K, 12% used [0x00000000f1c00000,0x00000000f1c10000,0x00000000f1c80000)
  to   space 512K, 0% used [0x00000000f1c80000,0x00000000f1c80000,0x00000000f1d00000)
 ParOldGen       total 62976K, used 45608K [0x00000000c0000000, 0x00000000c3d80000, 0x00000000eab00000)
  object space 62976K, 72% used [0x00000000c0000000,0x00000000c2c8a0b0,0x00000000c3d80000)
 Metaspace       used 8127K, capacity 8272K, committed 8448K, reserved 1056768K
  class space    used 850K, capacity 900K, committed 1024K, reserved 1048576K
}
Event: 1056.609 GC heap before
{Heap before GC invocations=1534 (full 0):
 PSYoungGen      total 39936K, used 39488K [0x00000000eab00000, 0x00000000f1d00000, 0x0000000100000000)
  eden space 39424K, 100% used [0x00000000eab00000,0x00000000ed180000,0x00000000ed180000)
  from space 512K, 12% used [0x00000000f1c00000,0x00000000f1c10000,0x00000000f1c80000)
  to   space 512K, 0% used [0x00000000f1c80000,0x00000000f1c80000,0x00000000f1d00000)
 ParOldGen       total 62976K, used 45608K [0x00000000c0000000, 0x00000000c3d80000, 0x00000000eab00000)
  object space 62976K, 72% used [0x00000000c0000000,0x00000000c2c8a0b0,0x00000000c3d80000)
 Metaspace       used 8127K, capacity 8272K, committed 8448K, reserved 1056768K
  class space    used 850K, capacity 900K, committed 1024K, reserved 1048576K
Event: 1056.614 GC heap after
Heap after GC invocations=1534 (full 0):
 PSYoungGen      total 48128K, used 96K [0x00000000eab00000, 0x00000000f1d00000, 0x0000000100000000)
  eden space 47616K, 0% used [0x00000000eab00000,0x00000000eab00000,0x00000000ed980000)
  from space 512K, 18% used [0x00000000f1c80000,0x00000000f1c98000,0x00000000f1d00000)
  to   space 512K, 0% used [0x00000000f1c00000,0x00000000f1c00000,0x00000000f1c80000)
 ParOldGen       total 62976K, used 45632K [0x00000000c0000000, 0x00000000c3d80000, 0x00000000eab00000)
  object space 62976K, 72% used [0x00000000c0000000,0x00000000c2c900b0,0x00000000c3d80000)
 Metaspace       used 8127K, capacity 8272K, committed 8448K, reserved 1056768K
  class space    used 850K, capacity 900K, committed 1024K, reserved 1048576K
}
Event: 1058.487 GC heap before
{Heap before GC invocations=1535 (full 0):
 PSYoungGen      total 48128K, used 47712K [0x00000000eab00000, 0x00000000f1d00000, 0x0000000100000000)
  eden space 47616K, 100% used [0x00000000eab00000,0x00000000ed980000,0x00000000ed980000)
  from space 512K, 18% used [0x00000000f1c80000,0x00000000f1c98000,0x00000000f1d00000)
  to   space 512K, 0% used [0x00000000f1c00000,0x00000000f1c00000,0x00000000f1c80000)
 ParOldGen       total 62976K, used 45632K [0x00000000c0000000, 0x00000000c3d80000, 0x00000000eab00000)
  object space 62976K, 72% used [0x00000000c0000000,0x00000000c2c900b0,0x00000000c3d80000)
 Metaspace       used 8127K, capacity 8272K, committed 8448K, reserved 1056768K
  class space    used 850K, capacity 900K, committed 1024K, reserved 1048576K
Event: 1058.490 GC heap after
Heap after GC invocations=1535 (full 0):
 PSYoungGen      total 46592K, used 96K [0x00000000eab00000, 0x00000000f1d00000, 0x0000000100000000)
  eden space 46080K, 0% used [0x00000000eab00000,0x00000000eab00000,0x00000000ed800000)
  from space 512K, 18% used [0x00000000f1c00000,0x00000000f1c18000,0x00000000f1c80000)
  to   space 512K, 0% used [0x00000000f1c80000,0x00000000f1c80000,0x00000000f1d00000)
 ParOldGen       total 62976K, used 45656K [0x00000000c0000000, 0x00000000c3d80000, 0x00000000eab00000)
  object space 62976K, 72% used [0x00000000c0000000,0x00000000c2c960b0,0x00000000c3d80000)
 Metaspace       used 8127K, capacity 8272K, committed 8448K, reserved 1056768K
  class space    used 850K, capacity 900K, committed 1024K, reserved 1048576K
}
Event: 1059.619 GC heap before
{Heap before GC invocations=1536 (full 0):
 PSYoungGen      total 46592K, used 46176K [0x00000000eab00000, 0x00000000f1d00000, 0x0000000100000000)
  eden space 46080K, 100% used [0x00000000eab00000,0x00000000ed800000,0x00000000ed800000)
  from space 512K, 18% used [0x00000000f1c00000,0x00000000f1c18000,0x00000000f1c80000)
  to   space 512K, 0% used [0x00000000f1c80000,0x00000000f1c80000,0x00000000f1d00000)
 ParOldGen       total 62976K, used 45656K [0x00000000c0000000, 0x00000000c3d80000, 0x00000000eab00000)
  object space 62976K, 72% used [0x00000000c0000000,0x00000000c2c960b0,0x00000000c3d80000)
 Metaspace       used 8127K, capacity 8272K, committed 8448K, reserved 1056768K
  class space    used 850K, capacity 900K, committed 1024K, reserved 1048576K
Event: 1059.622 GC heap after
Heap after GC invocations=1536 (full 0):
 PSYoungGen      total 45568K, used 96K [0x00000000eab00000, 0x00000000f1d00000, 0x0000000100000000)
  eden space 45056K, 0% used [0x00000000eab00000,0x00000000eab00000,0x00000000ed700000)
  from space 512K, 18% used [0x00000000f1c80000,0x00000000f1c98000,0x00000000f1d00000)
  to   space 512K, 0% used [0x00000000f1c00000,0x00000000f1c00000,0x00000000f1c80000)
 ParOldGen       total 62976K, used 45680K [0x00000000c0000000, 0x00000000c3d80000, 0x00000000eab00000)
  object space 62976K, 72% used [0x00000000c0000000,0x00000000c2c9c0b0,0x00000000c3d80000)
 Metaspace       used 8127K, capacity 8272K, committed 8448K, reserved 1056768K
  class space    used 850K, capacity 900K, committed 1024K, reserved 1048576K
}

