# JRE version: OpenJDK Runtime Environment (8.0_422-b05) (build 1.8.0_422-8u422-b05-1~20.04-b05)
# Java VM: OpenJDK 64-Bit Server VM (25.422-b05 mixed mode linux-amd64 compressed oops)
Heap:
 PSYoungGen      total 30208K, used 29275K [0x00000000eab00000, 0x00000000f0600000, 0x0000000100000000)
  eden space 29696K, 98% used [0x00000000eab00000,0x00000000ec78edf8,0x00000000ec800000)
  from space 512K, 6% used [0x00000000f0500000,0x00000000f0508000,0x00000000f0580000)
  to   space 512K, 0% used [0x00000000f0580000,0x00000000f0580000,0x00000000f0600000)
 ParOldGen       total 62976K, used 13979K [0x00000000c0000000, 0x00000000c3d80000, 0x00000000eab00000)
  object space 62976K, 22% used [0x00000000c0000000,0x00000000c0da6e58,0x00000000c3d80000)
 Metaspace       used 8237K, capacity 8432K, committed 8704K, reserved 1056768K
  class space    used 857K, capacity 932K, committed 1024K, reserved 1048576K
GC Heap History (10 events):
Event: 534.410 GC heap before
{Heap before GC invocations=673 (full 0):
 PSYoungGen      total 32768K, used 32352K [0x00000000eab00000, 0x00000000f0600000, 0x0000000100000000)
  eden space 32256K, 100% used [0x00000000eab00000,0x00000000eca80000,0x00000000eca80000)
  from space 512K, 18% used [0x00000000f0580000,0x00000000f0598000,0x00000000f0600000)
  to   space 512K, 0% used [0x00000000f0500000,0x00000000f0500000,0x00000000f0580000)
 ParOldGen       total 62976K, used 13979K [0x00000000c0000000, 0x00000000c3d80000, 0x00000000eab00000)
  object space 62976K, 22% used [0x00000000c0000000,0x00000000c0da6e58,0x00000000c3d80000)
 Metaspace       used 8221K, capacity 8368K, committed 8704K, reserved 1056768K
  class space    used 854K, capacity 932K, committed 1024K, reserved 1048576K
Event: 534.412 GC heap after
Heap after GC invocations=673 (full 0):
 PSYoungGen      total 32256K, used 32K [0x00000000eab00000, 0x00000000f0600000, 0x0000000100000000)
  eden space 31744K, 0% used [0x00000000eab00000,0x00000000eab00000,0x00000000eca00000)
  from space 512K, 6% used [0x00000000f0500000,0x00000000f0508000,0x00000000f0580000)
  to   space 512K, 0% used [0x00000000f0580000,0x00000000f0580000,0x00000000f0600000)
 ParOldGen       total 62976K, used 13979K [0x00000000c0000000, 0x00000000c3d80000, 0x00000000eab00000)
  object space 62976K, 22% used [0x00000000c0000000,0x00000000c0da6e58,0x00000000c3d80000)
 Metaspace       used 8221K, capacity 8368K, committed 8704K, reserved 1056768K
  class space    used 854K, capacity 932K, committed 1024K, reserved 1048576K
}
Event: 534.828 GC heap before
{Heap before GC invocations=674 (full 0):
 PSYoungGen      total 32256K, used 31776K [0x00000000eab00000, 0x00000000f0600000, 0x0000000100000000)
  eden space 31744K, 100% used [0x00000000eab00000,0x00000000eca00000,0x00000000eca00000)
  from space 512K, 6% used [0x00000000f0500000,0x00000000f0508000,0x00000000f0580000)
  to   space 512K, 0% used [0x00000000f0580000,0x00000000f0580000,0x00000000f0600000)
 ParOldGen       total 62976K, used 13979K [0x00000000c0000000, 0x00000000c3d80000, 0x00000000eab00000)
  object space 62976K, 22% used [0x00000000c0000000,0x00000000c0da6e58,0x00000000c3d80000)
 Metaspace       used 8221K, capacity 8368K, committed 8704K, reserved 1056768K
  class space    used 854K, capacity 932K, committed 1024K, reserved 1048576K
Event: 534.832 GC heap after
Heap after GC invocations=674 (full 0):
 PSYoungGen      total 31744K, used 32K [0x00000000eab00000, 0x00000000f0600000, 0x0000000100000000)
  eden space 31232K, 0% used [0x00000000eab00000,0x00000000eab00000,0x00000000ec980000)
  from space 512K, 6% used [0x00000000f0580000,0x00000000f0588000,0x00000000f0600000)
  to   space 512K, 0% used [0x00000000f0500000,0x00000000f0500000,0x00000000f0580000)
 ParOldGen       total 62976K, used 13979K [0x00000000c0000000, 0x00000000c3d80000, 0x00000000eab00000)
  object space 62976K, 22% used [0x00000000c0000000,0x00000000c0da6e58,0x00000000c3d80000)
 Metaspace       used 8221K, capacity 8368K, committed 8704K, reserved 1056768K
  class space    used 854K, capacity 932K, committed 1024K, reserved 1048576K
}
Event: 535.266 GC heap before
{Heap before GC invocations=675 (full 0):
 PSYoungGen      total 31744K, used 31264K [0x00000000eab00000, 0x00000000f0600000, 0x0000000100000000)
  eden space 31232K, 100% used [0x00000000eab00000,0x00000000ec980000,0x00000000ec980000)
  from space 512K, 6% used [0x00000000f0580000,0x00000000f0588000,0x00000000f0600000)
  to   space 512K, 0% used [0x00000000f0500000,0x00000000f0500000,0x00000000f0580000)
 ParOldGen       total 62976K, used 13979K [0x00000000c0000000, 0x00000000c3d80000, 0x00000000eab00000)
  object space 62976K, 22% used [0x00000000c0000000,0x00000000c0da6e58,0x00000000c3d80000)
 Metaspace       used 8221K, capacity 8368K, committed 8704K, reserved 1056768K
  class space    used 854K, capacity 932K, committed 1024K, reserved 1048576K
Event: 535.271 GC heap after
Heap after GC invocations=675 (full 0):
 PSYoungGen      total 31232K, used 32K [0x00000000eab00000, 0x00000000f0600000, 0x0000000100000000)
  eden space 30720K, 0% used [0x00000000eab00000,0x00000000eab00000,0x00000000ec900000)
  from space 512K, 6% used [0x00000000f0500000,0x00000000f0508000,0x00000000f0580000)
  to   space 512K, 0% used [0x00000000f0580000,0x00000000f0580000,0x00000000f0600000)
 ParOldGen       total 62976K, used 13979K [0x00000000c0000000, 0x00000000c3d80000, 0x00000000eab00000)
  object space 62976K, 22% used [0x00000000c0000000,0x00000000c0da6e58,0x00000000c3d80000)
 Metaspace       used 8221K, capacity 8368K, committed 8704K, reserved 1056768K
  class space    used 854K, capacity 932K, committed 1024K, reserved 1048576K
}
Event: 535.692 GC heap before
{Heap before GC invocations=676 (full 0):
 PSYoungGen      total 31232K, used 30752K [0x00000000eab00000, 0x00000000f0600000, 0x0000000100000000)
  eden space 30720K, 100% used [0x00000000eab00000,0x00000000ec900000,0x00000000ec900000)
  from space 512K, 6% used [0x00000000f0500000,0x00000000f0508000,0x00000000f0580000)
  to   space 512K, 0% used [0x00000000f0580000,0x00000000f0580000,0x00000000f0600000)
 ParOldGen       total 62976K, used 13979K [0x00000000c0000000, 0x00000000c3d80000, 0x00000000eab00000)
  object space 62976K, 22% used [0x00000000c0000000,0x00000000c0da6e58,0x00000000c3d80000)
 Metaspace       used 8221K, capacity 8368K, committed 8704K, reserved 1056768K
  class space    used 854K, capacity 932K, committed 1024K, reserved 1048576K
Event: 535.694 GC heap after
Heap after GC invocations=676 (full 0):
 PSYoungGen      total 30720K, used 32K [0x00000000eab00000, 0x00000000f0600000, 0x0000000100000000)
  eden space 30208K, 0% used [0x00000000eab00000,0x00000000eab00000,0x00000000ec880000)
  from space 512K, 6% used [0x00000000f0580000,0x00000000f0588000,0x00000000f0600000)
  to   space 512K, 0% used [0x00000000f0500000,0x00000000f0500000,0x00000000f0580000)
 ParOldGen       total 62976K, used 13979K [0x00000000c0000000, 0x00000000c3d80000, 0x00000000eab00000)
  object space 62976K, 22% used [0x00000000c0000000,0x00000000c0da6e58,0x00000000c3d80000)
 Metaspace       used 8221K, capacity 8368K, committed 8704K, reserved 1056768K
  class space    used 854K, capacity 932K, committed 1024K, reserved 1048576K
}
Event: 536.122 GC heap before
{Heap before GC invocations=677 (full 0):
 PSYoungGen      total 30720K, used 30240K [0x00000000eab00000, 0x00000000f0600000, 0x0000000100000000)
  eden space 30208K, 100% used [0x00000000eab00000,0x00000000ec880000,0x00000000ec880000)
  from space 512K, 6% used [0x00000000f0580000,0x00000000f0588000,0x00000000f0600000)
  to   space 512K, 0% used [0x00000000f0500000,0x00000000f0500000,0x00000000f0580000)
 ParOldGen       total 62976K, used 13979K [0x00000000c0000000, 0x00000000c3d80000, 0x00000000eab00000)
  object space 62976K, 22% used [0x00000000c0000000,0x00000000c0da6e58,0x00000000c3d80000)
 Metaspace       used 8221K, capacity 8368K, committed 8704K, reserved 1056768K
  class space    used 854K, capacity 932K, committed 1024K, reserved 1048576K
Event: 536.126 GC heap after
Heap after GC invocations=677 (full 0):
 PSYoungGen      total 30208K, used 32K [0x00000000eab00000, 0x00000000f0600000, 0x0000000100000000)
  eden space 29696K, 0% used [0x00000000eab00000,0x00000000eab00000,0x00000000ec800000)
  from space 512K, 6% used [0x00000000f0500000,0x00000000f0508000,0x00000000f0580000)
  to   space 512K, 0% used [0x00000000f0580000,0x00000000f0580000,0x00000000f0600000)
 ParOldGen       total 62976K, used 13979K [0x00000000c0000000, 0x00000000c3d80000, 0x00000000eab00000)
  object space 62976K, 22% used [0x00000000c0000000,0x00000000c0da6e58,0x00000000c3d80000)
 Metaspace       used 8221K, capacity 8368K, committed 8704K, reserved 1056768K
  class space    used 854K, capacity 932K, committed 1024K, reserved 1048576K
}

